Traceback (most recent call last):
  File "C:\Users\nguyen0004\AppData\Roaming\Python\Python37\site-packages\jupyter_cache\executors\utils.py", line 56, in single_nb_execution
    record_timing=False,
  File "C:\Users\nguyen0004\AppData\Roaming\Python\Python37\site-packages\nbclient\client.py", line 1204, in execute
    return NotebookClient(nb=nb, resources=resources, km=km, **kwargs).execute()
  File "C:\Users\nguyen0004\AppData\Roaming\Python\Python37\site-packages\nbclient\util.py", line 84, in wrapped
    return just_run(coro(*args, **kwargs))
  File "C:\Users\nguyen0004\AppData\Roaming\Python\Python37\site-packages\nbclient\util.py", line 62, in just_run
    return loop.run_until_complete(coro)
  File "C:\Users\nguyen0004\Anaconda3\envs\rir\lib\asyncio\base_events.py", line 587, in run_until_complete
    return future.result()
  File "C:\Users\nguyen0004\AppData\Roaming\Python\Python37\site-packages\nbclient\client.py", line 664, in async_execute
    cell, index, execution_count=self.code_cells_executed + 1
  File "C:\Users\nguyen0004\AppData\Roaming\Python\Python37\site-packages\nbclient\client.py", line 965, in async_execute_cell
    await self._check_raise_for_error(cell, cell_index, exec_reply)
  File "C:\Users\nguyen0004\AppData\Roaming\Python\Python37\site-packages\nbclient\client.py", line 862, in _check_raise_for_error
    raise CellExecutionError.from_cell_and_msg(cell, exec_reply_content)
nbclient.exceptions.CellExecutionError: An error occurred while executing the following cell:
------------------
from sklearn.linear_model import LinearRegression

n = 10
a = 1.0
b = 0.2
sig = 0.08
deg = n - 1

x = np.random.rand(n, 1)
x = np.sort(x, axis=0)
y = a*x + b + sig*np.random.randn(n, 1)

fig, ax = plt.subplots(1, 1)
ax.scatter(x, y, color='g')

reg = LinearRegression().fit(x, y)
p = np.poly1d(np.polyfit(x.flatten(), y.flatten(), deg))

x_grid = np.linspace(0, 1, 200).reshape(-1, 1)

line, = ax.plot([],[], 'k')

def update(method=0):
    if method == 0:
        line.set_xdata([])
        line.set_ydata([])
    elif method == 1:
        line.set_xdata(x_grid)
        line.set_ydata(reg.predict(x_grid))
    elif method == 2:
        line.set_xdata(x)
        line.set_ydata(y)
    elif method == 3:
        line.set_xdata(x_grid)
        line.set_ydata(p(x_grid))

    fig.canvas.draw_idle()
    
interact(update, method=(0, 3));
------------------

[1;31m---------------------------------------------------------------------------[0m
[1;31mModuleNotFoundError[0m                       Traceback (most recent call last)
[1;32m~\AppData\Local\Temp\ipykernel_13436\4277249687.py[0m in [0;36m<module>[1;34m[0m
[1;32m----> 1[1;33m [1;32mfrom[0m [0msklearn[0m[1;33m.[0m[0mlinear_model[0m [1;32mimport[0m [0mLinearRegression[0m[1;33m[0m[1;33m[0m[0m
[0m[0;32m      2[0m [1;33m[0m[0m
[0;32m      3[0m [0mn[0m [1;33m=[0m [1;36m10[0m[1;33m[0m[1;33m[0m[0m
[0;32m      4[0m [0ma[0m [1;33m=[0m [1;36m1.0[0m[1;33m[0m[1;33m[0m[0m
[0;32m      5[0m [0mb[0m [1;33m=[0m [1;36m0.2[0m[1;33m[0m[1;33m[0m[0m

[1;31mModuleNotFoundError[0m: No module named 'sklearn'
ModuleNotFoundError: No module named 'sklearn'

