Traceback (most recent call last):
  File "C:\Users\nguyen0004\AppData\Roaming\Python\Python37\site-packages\jupyter_cache\executors\utils.py", line 56, in single_nb_execution
    record_timing=False,
  File "C:\Users\nguyen0004\AppData\Roaming\Python\Python37\site-packages\nbclient\client.py", line 1204, in execute
    return NotebookClient(nb=nb, resources=resources, km=km, **kwargs).execute()
  File "C:\Users\nguyen0004\AppData\Roaming\Python\Python37\site-packages\nbclient\util.py", line 84, in wrapped
    return just_run(coro(*args, **kwargs))
  File "C:\Users\nguyen0004\AppData\Roaming\Python\Python37\site-packages\nbclient\util.py", line 62, in just_run
    return loop.run_until_complete(coro)
  File "C:\Users\nguyen0004\Anaconda3\envs\rir\lib\asyncio\base_events.py", line 587, in run_until_complete
    return future.result()
  File "C:\Users\nguyen0004\AppData\Roaming\Python\Python37\site-packages\nbclient\client.py", line 664, in async_execute
    cell, index, execution_count=self.code_cells_executed + 1
  File "C:\Users\nguyen0004\AppData\Roaming\Python\Python37\site-packages\nbclient\client.py", line 965, in async_execute_cell
    await self._check_raise_for_error(cell, cell_index, exec_reply)
  File "C:\Users\nguyen0004\AppData\Roaming\Python\Python37\site-packages\nbclient\client.py", line 862, in _check_raise_for_error
    raise CellExecutionError.from_cell_and_msg(cell, exec_reply_content)
nbclient.exceptions.CellExecutionError: An error occurred while executing the following cell:
------------------
from sklearn.linear_model import LinearRegression

x1 = np.concatenate((np.linspace(-2, -0.5, 20), 
                    np.linspace(0.5, 2, 20))).reshape(-1, 1)

x2 = np.concatenate((np.linspace(-2, -0.5, 20), 
                    np.linspace(0.5, 2, 20),
                    np.linspace(4, 5.9, 20))).reshape(-1, 1)

y1, y2 = np.sign(x1), np.sign(x2)
reg1 = LinearRegression().fit(x1, y1)
reg2 = LinearRegression().fit(x2, y2)

fig, axs = plt.subplots(1, 2, figsize=(10, 4))
axs[0].scatter(x1, y1, c=-y1)
axs[1].scatter(x2, y2, c=-y2)

x_grid = np.linspace(-6, 6, 200).reshape(-1, 1)
line1, = axs[0].plot(x_grid, reg1.predict(x_grid), 'k')
line2, = axs[1].plot(x_grid, reg2.predict(x_grid), 'k')
line2b, = axs[1].plot(x_grid, reg1.predict(x_grid), ':')
axs[0].grid(True)
axs[1].grid(True)
plt.setp(axs, ylim=(-1.5, 1.5));
------------------

[1;31m---------------------------------------------------------------------------[0m
[1;31mModuleNotFoundError[0m                       Traceback (most recent call last)
[1;32m~\AppData\Local\Temp\ipykernel_9168\574205136.py[0m in [0;36m<module>[1;34m[0m
[1;32m----> 1[1;33m [1;32mfrom[0m [0msklearn[0m[1;33m.[0m[0mlinear_model[0m [1;32mimport[0m [0mLinearRegression[0m[1;33m[0m[1;33m[0m[0m
[0m[0;32m      2[0m [1;33m[0m[0m
[0;32m      3[0m x1 = np.concatenate((np.linspace(-2, -0.5, 20), 
[0;32m      4[0m                     np.linspace(0.5, 2, 20))).reshape(-1, 1)
[0;32m      5[0m [1;33m[0m[0m

[1;31mModuleNotFoundError[0m: No module named 'sklearn'
ModuleNotFoundError: No module named 'sklearn'

